<?xml version="1.0" encoding="UTF-8"?>
<!-- Generated by org.testng.reporters.JUnitReportReporter -->
<testsuite hostname="Apples-MacBook-Air.local" failures="0" tests="1" name="cucumber.TestNgTestRunner" time="7.032" errors="0" timestamp="2024-02-21T11:01:53 IST" skipped="0">
  <testcase classname="cucumber.TestNgTestRunner" name="runScenario" time="7.032"/>
</testsuite> <!-- cucumber.TestNgTestRunner -->
