<?xml version="1.0" encoding="UTF-8"?>
<!-- Generated by org.testng.reporters.JUnitReportReporter -->
<testsuite hostname="192.168.1.3" failures="0" tests="1" name="sanjusanal.tests.ErrorValidations" time="8.738" errors="0" timestamp="2024-01-30T14:48:32 IST" skipped="0">
  <testcase classname="sanjusanal.tests.ErrorValidations" name="submitOrder" time="8.738"/>
</testsuite> <!-- sanjusanal.tests.ErrorValidations -->
