<?xml version="1.0" encoding="UTF-8"?>
<!-- Generated by org.testng.reporters.JUnitReportReporter -->
<testsuite hostname="Apples-MacBook-Air.local" failures="0" tests="3" name="sanjusanal.tests.SubmitOrderTest" time="17.502" errors="0" timestamp="2024-02-20T18:28:15 IST" skipped="0">
  <testcase classname="sanjusanal.tests.SubmitOrderTest" name="submitOrder" time="5.960"/>
  <testcase classname="sanjusanal.tests.SubmitOrderTest" name="submitOrder" time="7.521"/>
  <testcase classname="sanjusanal.tests.SubmitOrderTest" name="OrderHistoryTest" time="4.021"/>
</testsuite> <!-- sanjusanal.tests.SubmitOrderTest -->
