<?xml version="1.0" encoding="UTF-8"?>
<!-- Generated by org.testng.reporters.JUnitReportReporter -->
<testsuite hostname="Apples-MacBook-Air.local" failures="0" tests="1" name="cucumber.TestNgTestRunner" time="5.033" errors="0" timestamp="2024-02-21T11:07:29 IST" skipped="0">
  <testcase classname="cucumber.TestNgTestRunner" name="runScenario" time="5.033"/>
</testsuite> <!-- cucumber.TestNgTestRunner -->
